<?xml version="1.0" encoding="UTF-8"?>
<testsuite xmlns:xsi="http://www.w3.org/2001/XMLSchema-instance" xsi:noNamespaceSchemaLocation="https://maven.apache.org/surefire/maven-surefire-plugin/xsd/surefire-test-report-3.0.xsd" version="3.0" name="RequestParser_tests.HttpVersionTest" time="0.136" tests="3" errors="0" skipped="0" failures="0">
  <properties>
[...]
</properties>
  <testcase name="test_supported_old_version" classname="RequestParser_tests.HttpVersionTest" time="0.042">
    <system-out><![CDATA[HTTP/1.0
Host = localhost:8080
Accept-Language = en-US,en;q=0.9
]]></system-out>
  </testcase>
  <testcase name="test_unsupported_version" classname="RequestParser_tests.HttpVersionTest" time="0.004">
    <system-out><![CDATA[HTTP/1.2
]]></system-out>
  </testcase>
  <testcase name="test_invalid_version" classname="RequestParser_tests.HttpVersionTest" time="0.001">
    <system-out><![CDATA[HTTP/
]]></system-out>
  </testcase>
</testsuite>